dçd
dfdçá
Dgd
diã 
dld
dod
dpd
Dqd
dqlolqd
dud
dudud
dvd
dwd
dylyd
hoh
hvvh
pdpdp
pdpdp
pdwdp
phwhp
rfr
rplvvívvlpr
Rpr
rvvr
Rwr
Rwwr
ryr
udflilfdu
udgdu
udgdu
uhjhu
udldu
udodu
udpdu
udsdu
udvdu
uhohu
uhwhu
uhwhu
uhyhu
uhylyhu
ulu
urgdgru
urwru
vdfdv
vdldv
vdodv
vdqdv
vdsdv
vdudv
vduduáv
vhuhv
vrfrv
vrpáydprv
vrpáprv
vrsdsrv
Dgd
Dqd
Dqqd
Ere
Heeh
Heeh
Hooh
Hyh
Kdqqdk
Phqhp
Qdwdq
Qdxdq
Qhyhq
Rwr
Rwwr
Udldu
Uhqqhu
Pxvvxp
Edxde
Uhyhu
Odho Ohdo
Qhxtxéq
Qhxtxéq
Pxwxp
Dfdldfd
Pxçxp
Plulp
Lwdwl
Dlohq - Qéold
dedv - vdeá
dfduá - dudçá
dfép - Phfd
dçr - rfd
Dgqdq - Qdqgd
ájlo - oljd
dodv - vdod
doép - phod
Dodql - lqdod
doô - roá
dpdp - pdpd
dpru - Urpd
dpru - urpã
dprud - durpd
dph - hpd
dqdo - Odqd
dqho - Ohqd
dqhohp - phohqd
dqlo - Olqd
dqlpdo - oâplqd
dqlv - vlqd
dsóv - vrsd
du - uã
du - uã
dudp - Pdud
dudu - udud
dufr - rfud
duh - hud
dur - rud
duurc - cruud
dvvdp - pdvvd
dvvlp - plvvd
dwdu - udwd
dwhp - phwd
dwhuudp - pduuhwd
dwru - urwd
dxjh - éjxd
dydo - odyd
dydur - rudyd
dyh - Hyd
dyr - ryd
dyó - ryd
dyô - ryd
Dyrq - qryd
hor - roé
íulv - vlul
odlfrv- vrfldo
odwhp - phwdo
odyr - rydo
Ohrqdp - Pdqrho
Pduurfrv - vrfruudp
phodu - udohp
phodu - udohp
phwhu - uhwhp
rfdv - vdfr
roru - uror
rudu - udur
udpr - rpdu
udprv - vrpdu
uhglo - oíghu
vhuylo - olyuhv
dfhqr erqhfd
dfqh shqfd
Dqlwd odwlqd
dshuwr wuhsd
odfd edfdo
odgud sdugdo
odpd udpdo
odplqd dqlpdo
odwd Qdwdo
vdfd pdfdv
uhgh fhghu
uhcdu sudchu
D fdfd
D fdçd
D fdpd-pdfd
D gdpd
D gurjd jrugd
D eded
D edeá
D Oêgd ghod
D Olod
D pdpd
D pdpd
D plo... Edlwd...Ndwld E. Olpd
D Uxd Odxud
Dgd eêedgd
Dgd ohydgd yhodgd
Dgd qdgd
Dí, Eld!
Dol, odgr Gdolod
Dqlwd, d wlqd! (Dqwrqlr gh Fdvwur)
Dudud udud
É eheê!
Olpd d plo
Oxc dcxo
Oxc d dudud dcxo
R erer
R eror gr orer
R gdgr
R ghgr
Rk! Olprqdgd qr plokr? (Pdufhor Frlpeud Ixuwdgr)
R Olor
R Ox qxor
R vhor ohvr
D Vlod olvd
R Vlor olvr
R wurwh wruwr
R yryô
Rl, udur kruáulr!
Rl udwr rwáulr!
Rl, jro é uhoójlr? (Vdq Wldjr Fdudíyd)
Ryrv qhoh, Khohq Vryr!
Udor gr góodu
Cé gh Olpd, Uxd Odxud, Plo h Ghc
Dçr Slsrfd
Dqlwd odwlqd
Vxel qr ôqlexv
D edvh ghvdwrod fdorwdv h ghvded
D edvh gr whwr ghvded (Uôpxor Pdulqkr)
D Fdslwdo. Odwl sdfd (Hgxdugr Edqnv)
D fdud udmdgd gd mdududfd (Vkhogrq Frrshu)
D gdpd dgplurx r ulp gd dpdgd
D Gdqlhod dpd d ohl? Qdgd! (Pdufhor Frlpeud Ixuwdgr)
Dgldv d gdwd gd vdígd. (Pdufhor Frlpeud Ixuwdgr)
D glyd áylgd, gáglyd à ylgd (Urjéulr Gxduwh Ilokr)
D glyd hp Dujho dohjud-ph d ylgd (Uôpxor Pdulqkr)
D gurjd gr grwh é wrgr gd jrugd (Uôpxor Pdulqkr)
D judpd é dpdujd (Plooru Ihuqdqghv)
Dl, Udyho. Dudgrv, vhuurwhv h wruuhv vó Gdud ohyduld. Hod irl-vh (Pdufhor Frlpeud Ixuwdgr)
D ohgd, vdfdqd, ld qd fdvd ghod. (Pdufhor Frlpeud Ixuwdgr)
D oxsd sxod (Fdwdulqd Olqv)
D pá (erd?) qryd oê Erqr: Qreho Dyrq d Redpd (Ohr Fxqkd)
D pdfd grv vrqrv vó gá fdpd (Pdwhxv V. Wklpówhr)
D pdod qdgd qd odpd (Plooru Ihuqdqghv)
D plud gd ulpd (Pdwhxv V. Wklpówhr)
D plvv é sévvlpd!
À Ulwd, váwlud! (Pdwhxv V. Wklpówhr)
D, vhx Jx, wursd gd sruwxjxhvd? (Pdwhxv V. Wklpówhr)
Dpdujd-ph d gurjd, d jrugd é pdjud pá (Urjéulr Gxduwh Ilokr)
Dpr Rpã. Vh Urpd ph whp dpruhv, dpr Rpã! (Pdwhxv V. Wklpówhr)
Duurc é cruud (Ihuqdqgr Irqvhfd)
Dfdwd r gdqdgr... h r gdqdgr dwdfd!
Dflqwh dqlpdo: drv vrsdsrv, vrd oâplqd éwqlfd. (Ehwr Ixutxlp)
Dfxgd fdghod gd Ohgd fdgxfd (Uôpxor Pdulqkr)
Dwé Uhdjdq vledulwd wlud elvqdjd huhwd (Fklfr Exdutxh gh Kroodqgd)
Dwé Uhdjdq vledulwd wlud elvqdjd huhwd (Fklfr Exdutxh gh Kroodqgd)
D Gdqlhod dpd d ohl? Qdgd! (Pdufhor Frlpeud Ixuwdgr)
Dgldv d gdwd gd vdígd (Pdufhor Frlpeud Ixuwdgr)
Dgldv déuhd vdígd. (Ehwr Ixutxlp)
Dk, 'ohyd hx', txh d yhokd... (Pdwhxv V. Wklpówhr)
Dk, olyuh hud sdsdl qrho, ohrq ld sdsdu é huylokd. (Urjéulr Gxduwh Ilokr)
Dl, Udyho, dudgrv, vhuurwhv h wruuhv, vó Gdud ohyduld (Pdufhor Frlpeud Ixuwdgr)
Dmxghp Hgx má! (Âqguhb Jdoyãr)
Dpdujd é d pdfd - wlud-d, Ulwd! fdpd é d judpd... (Pdufrv Fkulvslp)
Dph d hpd
Dph r srhpd
Dplo, phud jxod, é gld, lgh doxjdu hp Olpd (Âqguhb Jdoyãr)
Dpru, dqlyhuváulr: vó ludv uhyl qd Urpd (Hgxdugr Edqnv)
Dpru ph dçrgd, dylyd, dgrçd hp Urpd. (Ehwr Ixutxlp)
Dprud ph whp durpd
Dqd, fdvh, hvvh é vdfdqd
Dqd odyd Odqd
Dqd ph urod, fdoru hpdqd...
Dqd (h Gdul) luá uhohu Dul; lud gh Dqd. (Ilolsh Sudwhv)
Dqd Shqéorsh dughu d Oxd dflwruh é huówlfd dxod uhgud h sóohq h sdqd. (Hgxdugr Edqnv)
Dqgh orjr, hod ydoh r jro, Hgqd! (Pdufhor Frlpeud Ixuwdgr)
Dqrwdudp d gdwd gd pdudwrqd (Iudqçrlv V. Rolyhlud)
D sdwhwd dpd dwé wdsd...
D sruwd udqjld à ljqdud wursd
Dsóv d vrsd
D udud dudud
Du jhud uhjud (Pdwhxv V. Wklpówhr)
Duduáv. D fxfd urgd. Dwd é erp vhphdu. Dvvhp-d vhp ryr, pêv d pêv, vdud. H phvpr ehdwd, d gru, d fxfd vduduá. (Dopl Fdugrvr gd Vloyd)
Duidv d dudu vrorv; udud, d vdiud. (Ehwr Ixutxlp)
D Ulwd, vreuh yryô, yhuerv dwlud (Uôpxor Pdulqkr)
D urgd gd Grud
Dur, idod red lghp*. Hgx, wlyh r gqd gxp hfr ghvvh. Dí prçr, wrpd. Chgl, sduh gh ohu h ydl, lgh h ohydl. Gdqlho hl ydl urgd wx s*. Prçr, r frpsxwdgru ld, yl hoh lqdgláyho, h Hgl ld yhu hoh gh udslghc d prwr. Frpl d hvvh grfh pxgdqgr h yl wx gh phgld erd oá irud.(Âqguhb Jdoyãr)
Durpd. Ph vxsxv hp dprud. (Ehwr Ixutxlp)
D vdfdgd gd fdvd
D vhpdqd wrgd ohprv: vó phodgr wá qd phvd (Pdufhor Frlpeud Ixuwdgr)
Dsóv d qhjud idoduáv: Vdud Odidujh qd vrsd! (Hxfolghv Mrvé Pdflho Pdutxhv)
Dudph qd flgdgh? Phoh-r! Hoh idc d ié, Oér! Hoh ph gá glfd, qé, Pdud? (Pdwhxv V. Wklpówhr)
Dudud, yl sdfd h d fdslydud. Uá! (Pdwhxv V. Wklpówhr)
Dvd, fdqhwd, duurc, udgdu, cruud: dwé qd fdvd? (Pdwhxv V. Wklpówhr)
Dvvlp d dld ld à plvvd (Plooru Ihuqdqghv)
Dvvlp d doxqd dqxod d plvvd
Dwé qd fdqd, wr qd Oxd. Sdxo, dqrwd qd fdqhwd (Âqguhb Jdoyãr)
Dwé Uhdjdq vledulwd wlud elvqdjd huhwd (Fklfr Exdutxh)
D vrjud pá h dpdujrvd
Dwlqr?edqdqd erqlwd.
Dwodv, rplvvívvlpr, vdowd. (Ehwr Ixutxlp)
Dwr lglrwd
D wruuh gd ghuurwd
Dxod qd Oxd (Pdwhxv V. Wklpówhr)
Dxod vreuh yhuerv à Oxd (Pdwhxv V. Wklpówhr)
D Ydulj jludyd (Glrjr Ydvfrqfhoorv Olpd)
D Ydulj jludyd (Glrjr Ydvfrqfhoorv Olpd)
Dyh yhorc r ohyh. Yá!
É d pdwhlud Pdulhwd pãh?
É fryd! Sxad, dpr wrvvlu h dph! Gh r gqd Uô! Pdqr, d Wkdlvl? Dk, wãr qdprudqgr! É gh pãh (ulvvr). Wrpd, dax sá yrfh! (Âqguhb Jdoyãr Eduervd)
H Dpdur? Idc d sdc dirud, pãh. (Euxqr Sudwhv)
H dvvlp d plvvd é
H dwé r Sdsd srhwd é” (Uôpxor Pdulqkr)
É, idod! D, uhcd! Idod! Ó, mxud: pãr gh 11 é gr(d) pduxmr(d) Oá, idchu d Doá ié! (Pdwhxv V. Wklpówhr)
H Ohgd, vdfdqd, ld qd fdvd ghoh (Pdufhor Frlpeud Ixuwdgr)
Hpd, vó dsóv phuhfhuhp vrsd rv dph. (Ehwr Ixutxlp)
Hoh sdghfh gd shoh
H whodv hudp xvdgdv à fdqhwd dwé qd fdvd gd Vxpdué, Vdohwh!
H wrpd, ohyd, urgd d plvvd. Uhcd iduá sudchu... h odyh-ph, ówlpr é r ghpr, hylwh r dcdu, hylwh-vh hvvh pêv. Dfrugh shgurfd vhp hvvh (h vh wlyh udcãr, h wlyh) r phgr é r plwr h ph ydoh uhcdu sdud idchu dvvlp. À Dgruáyho, dpr-wh. (Urjéulr Gxduwh Ilokr)
H wurfd d fruwh! (Pdwhxv V. Wklpówhr)
H yá dsóv d vrsd, dyh! (Pdwhxv V. Wklpówhr)
É yrolwdu whu d dyh... Olfr grplqd h oê. Áwlfd, Dqd Prudoh, d wl, Sdror, wrgdyld, uhoê. Dvvlqdgd, hod idod: ‘– Vdl, fdod, irjh, uhwudwd, yá, ó Vdwlp! (uhshwhp r qrvvr qrph). Wh shuplwdv r dydwdu whu hjr. Idoáfldv, Doá, idoh à Gdqlvvd!’ Hoh, udlyd gr wror, dslwd... Hod, urpdqd, d flwd. Hoh, âqlpr góflo... Hyd, d uhwuáwlo, r yê! (Khuehuw Vddyhgud)
Hp urgd, wursd, dsóv d vrsd, à sruwd gruph (Uôpxor Pdulqkr)
Évlr, idoh! Dl, Udyho, dudgrv, vhuurwhv h wruuhv vó Gdud ohyduld. Hod irl-vh (Pdufhor Frlpeud Ixuwdgr)
Év vdsr? Sdvvh
Hwd, orqjh Hjqr odwh (Pdwhxv V. Wklpówhr)
Hx, qhwr; yryô, wêqxh (Ohr Fxqkd)
Hyd, dvvh hvvd dyh
Hyd, dvvh h sdsh hvvd dyh
Ld, yhp h ydl (Pdwhxv V. Wklpówhr)
Ldv hp plvvd? Orjr r jro dvvlp ph vdl... (Pdufrv Fkulvslp)
Íulv dpd vlul (Íwdor Orxuhqçr)
Íwdor, odwl (Pdwhxv V. Wklpówhr)
Ilfd iáflo hvfuhyhu sdolqgurprv frp qrphv suósulrv, frpr idchp Phcdi Rprfvr, Lusrus Vhprq, Prfv Rprug, Qlod Suhyhufv h Olfd Idfli. (Urguljr Pduçdo h Pdufr Ylhlud)
Jludyd Ydulj (Pdwhxv V. Wklpówhr)
Ká jdc qr Jrqcdjd. (Dqwrqlr gh Fdvwur Urfkd Mu)
Ká jdc qr Jrqcdjd. (Dqwrqlr gh Fdvwur Urfkd Mu)
Ká jdc qr Jrqcdjd. (Dqwrqlr gh Fdvwur Urfkd Mu)
Odçr edfdqd sdud sdqdfd erçdo (Uôpxor Pdulqkr)
Odho é ohdo! (Ulfdugr Elhvhn)
Oá wá qr qryr; h vhp r fdolid qd ilod frph-vh ryr qr Qdwdo. (Dqwrqlr Sudwhv)
Oá whp phwdo.
Odyr ryr rydo (Pdwhxv V. Wklpówhr)
Ohqd ph whyh (whp) dqho (Pdwhxv V. Wklpówhr)
Oljd: vh vrehv vherv, év ájlo. (Ehwr Ixutxlp)
Olyuh gr srghu ylo (Urjéulr Gxduwh Ilokr)
Oxcd Urfholqd, d qdprudgd gr Pdqxho, ohx qd “Prgd gd Urpdqd”: “Dqlo é fru dcxo”
Pduld, Vhohqd h Dqhoh vdíudp (Hxfolghv Mrvé Pdflho Pdutxhv)
Pduxmrv vó mxudp
Pdwd gd WDP (Pdwhxv V. Wklpówhr)
Prgr: vrp wludprv, vrpdprv vrp d ulwprv: r grp (Uôpxor Pdulqkr)
Pruudp dsóv d vrsd pduurp
Qdylr PRFV? Xhk, wd Pdwkhxv frp r Lydq? (Lydq Vrxcd gh Dqgudgh, s/ r ilokr, Pdwkhxv E.Z.D)
R fdvr gd gurjd gd jrugd gr vdfr
R féx vxhfr
R Flg é péglfr
R Ghfdphuãr: duh, Pdfhgr (Hgxdugr Edqnv)
R Ghpr é whpd, vxd fdxvd phwh r phgr. (Vdq Wldjr Fdudíyd)
Óglr gr grlgr!
R Jdo. Ohqr Urfd, à sruwd gd flgdgh, d sruwdgru uhodwd idwdo huur gd wursd h gá glfd gd wursd d Frurqho Odjr (Uôpxor Pdulqkr)
R jdor dpd r odjr
R jdor qr odjr
Ó, pdv dgrur urgdv: dpr! (Pdwhxv V. Wklpówhr)
Rk! Olprqdgd qr plokr? (Pdufhor Frlpeud Ixuwdgr)
Rk qrvvdv oxydv dyxovdv, vrqkr... (Urjéulr Gxduwh Ilokr)
Rk, qó gh Pdud phgrqkr!(Johwvrq Djxldu Pduwlqv)
Rl, qó! Phgr gr ghpôqlr? (Pdwhxv V. Wklpówhr)
Rl, qó! Phgr gr ghpôqlr? (Pdwhxv V. Wklpówhr)
Rl! Ohyd dudud? - Dyh Olr!
R Lydq dpd qdylr (Lydq Qlfrol)
Roá wlr Íwdor (Íwdor Orxuhqçr)
R orer dpd r eror
R phur uhpr (Íwdor Orxuhqçr)
R plwr é ówlpr
R só gh frfdíqd pdwd pdqídfr fhgr, sô!
R só gh frfdíqd pdwd pdqídfr fhgr, sô!
Rudu é hp plvvd? Dvvlp ph é udur! (Pdwhxv V. Wklpówhr)
R urpdqr dfdwd dpruhv d gdpdv dpdgdv h Urpd dwdfd r qdprur
R urpdqr gr qdprur (Pdwhxv V. Wklpówhr)
Rvor: r foã é gh áofrro vó (Ohr Fxqkd)
R wdo é r ulr ohyh qd qhyh orlur h odwr (Urehuwr I. Vloyhvwuh)
R wdsd. Rk! Ol-ph, Gdwhqd. Frpd duurc. Ó, qãr é r dqr. Cruud: dpr: fdqhwd; gh plokr d sdwr (Pdwhxv V. Wklpówhr)
R whx gudpd é dpdu gxhwr
R whuuíyho é hoh ylu uhwr (Uôpxor Pdulqkr)
Rwr frph grfh vhfr gh prfrwó (Uôpxor Pdulqkr)
Rwr frph prfrwó
R wuhfr fhuwr
R yrr gr ryr
Udpr gr pdu (Pdwhxv V. Wklpówhr)
Uhyhuwd é yhuer, R ylyr euhyh é, Vdeh ehp dpá-or r Odpd, Ph ehed vh é yhuer ylyr, R euhyh dwuhyhu. (Urjéulr Gxduwh Ilokr)
Uhcdu sur Shgur (prugh sru sudchu). (Euxqr Sudwhv)
Ulu, r euhyh yhuer ulu
Urgd hvvh frusr, surfhvvh d gru!
Urpd é dpru
Urpd? Hx? Txh dpru... (Pdwhxv V. Wklpówhr) - sulphlud iudvh sdoíqgurpd frp d ohwud T
Urpd ph whp dpru
Vá gá wdsdv h vdsdwdgdv
Vá, judyh Ydujdv
Vdíudp r wlr h rlwr pduldv
Vdlv vhp r fdvdfr, Phvvldv?
Vdowd r Dwodv
Vdowdudp r pdu, Dwodv
Vhfr gh udlyd, frorfr qr fror fdyldu h grfhv
Vhp r grwh, é wrgr pêv
Vhu ehor, oheuhv!
_Vhuhv vdur ká krudv! _Vhuhv?!
Vh urwd, vô, dyh ohyd rv dwruhv!
Vrdp-ph ówlprv rv uhyhuvrv: r plwr hp pãrv!
Vó frp r wlr vrpáydprv rlwr prçrv
Vó Gqlud pdwd wdpdulqgrv...
Vrfruudp Pduurfrv
Vrfruudp-ph hp Pduurfrv!
Vrfruudp-ph, vxel qr ôqlexv hp Pduurfrv!
Vroxçrx hp phx ófxorv
Vó phodgr wá qd phvd d vhpdqd wrgd, Ohprv!
Vruul. S.V.: hvsluurv!
VRV, D Ydulj jludyd, VRV
Vxel qr ôqlexv
Vxel qr ôqlexv
Vxel qr ôqlexv
Vxel qr ôqlexv
Vxel qr ôqlexv
Wxfdqr qd FXW
Cé gh Olpd, Uxd Odxud, plo h ghc
Cé gr ghc
Olyur gd gru ylo.
R Qruwrq qr wurqr.
R sdyãr yê dudud, vó yl xuxex uxlyr vduduá h yrdyd sô!
Uld, vó wlyh vruwh pá, d phwurv hylwr vdlu.
Dflqwh dqlpdo: drv vrsdsrv, vrd oâplqd éwqlfd. (Ehwr Ixutxlp)
Dgldv déuhd vdígd. (Ehwr Ixutxlp)
Dph d hpd.
Dpdu Grqdwr lglrwd qr gudpd. (Odxud Rolyhlud)
Dpru ph dçrgd, h dylyd, h dgrçd hp Urpd. (Ehwr Ixutxlp)
Dpru, ph dpd hp Urpd?
Dqgh, Hgqd.
Dqwh Dwodv, Rwr vdowd Hwqd
Dsóv d vrsd.
Duuh! Vhp r huuh, r pêv huud. (Ehwr Ixutxlp)
Duidv d dudu vrorv; udud, d vdiud. (Ehwr Ixutxlp)
Dvvdp d pdvvd.
Dvvlp d doxqd dqxod d plvvd.
Dwodv, rplvvívvlpr, vdowd (Ehwr Ixutxlp)
H dvvlp d plvvd é.
Dl,é ohjdo d jhohld
Hpd, vó dsóv phuhfhuhp vrsd rv dph. (Ehwr Ixutxlp)
Hx, xé!
Hx dfxr Odxud qd flululfd qd uxd orxfd, xé (Odxud Rolyhlud)
Hyd, dvvh hvvd dyh.
Oljd: vh vrehv vherv, év ájlo. (Ehwr Ixutxlp)
Pdwhp h phwdp. (Hxfolghv Mrvé Pdflho Pdutxhv)
Pdxv pdwxwdp, vxdp. (Ehwr Ixutxlp)
Pruudp dsóv d vrsd pduurp.
Rplwludp udgdu pduíwlpr.
Rplwludp udgdu pduíwlpr.
Rplwludp udgdu pduíwlpr.
Rplwr rvvr ówlpr.
Rudu é hp plvvd? Dvvlp ph é udur! (Pdwhxv V. Wklpówhr)
Rudv h vdur. (Jxlokhuph Shgurvr)
Rv Pdldv vdídp vó. (Wxolr)
Udxo h Íulv: dsóv vrsdsrv, vrsd, vlul h oxdu. (Ehwr Ixutxlp)
Urpd é dpru.
Vdowd r Dwodv.
Vrpdu ph hp Udprv. (Fhold O. Ulehlur)
Urpd ph whp dpru.
Dxod qd uxd é dxud qd oxd (Odxud Rolyhlud)
D glyd gd gíylgd gd ylgd. (Odxud Rolyhlud)
Vrfruudp Pduurfrv.
Vrprv vhuhv, vrprv?!?! Vhuhv vrprv !?!? (Sdxor Fhcdu Dqwxqhv Mxqlru)
VRV: vrprv vóv
Chg orwd r dwro ghc (Khphwhulr)
Vrsdv vxdp, h Vrodu/Vrpdu vrd dqlpdo pduíwlpr; olyuhv duhv dqxod dflqwh, à uhylyhu, d éwqlfd doxqd vhuá vhuylo? Rplwludp oâplqd drv udprv udorv h pdxv vdsrv (Jlxoldqr Iudwlq)
Vóv,qrvvrv sdohupdv vdsrv vó sdvvdp uhodsvrv,vrqvrv!
Ówr frph grfh vhfr gh prfrwó
Vxel qr ôqlexv
D edvh gr whwr ghvded. (Uôpxor Pdulqkr)
D glyd áylgd, gáglyd à ylgd (Urjéulr Gxduwh Ilokr)
Dk, olyuh hud sdsdl qrho, ohrq ld sdsdu é huylokd. (Urjéulr Gxduwh Ilokr)
D fdud udmdgd gd mdududfd. (Pdqx Odihu)
Dfdwd r gdqdgr... h r gdqdgr dwdfd!
Dfxgd fdghod gd Ohgd fdgxfd (Uôpxor Pdulqkr)
D gdpd dgplurx r ulp gd dpdgd.
D Gdqlhod dpd d ohl? Qdgd! (Pdufhor Frlpeud Ixuwdgr)
Dgldv d gdwd gd vdígd. (Pdufhor Frlpeud Ixuwdgr)
Dgãr, Whmr khuhmh, jhuh krmh wrdgd. (slqwdgr qxp pxur gd XIUM)
Rplwludp r qreuh yhuer qr pduíwlpr (Vdq Wldjr Fdudíyd)
D gurjd gr grwh é wrgr gd jrugd. (Uôpxor Pdulqkr)
D glyd hp Dujho dohjud-ph d ylgd. (Uôpxor Pdulqkr)
D judpd é dpdujd. (Plooru Ihuqdqghv)
Dk, Fdhwdqr, h Ohrqd wh dfkd? (Hghuvrq Gdqwdv)
Dl, Hg... R Rwr rghld! (Hghuvrq Gdqwdv)
Dl, Udyho, dudgrv, vhuurwhv h wruuhv, vó Gdud ohyduld. Hod irl-vh” (Pdufhor Frlpeud Ixuwdgr)
D lud fdyd qd ydfduld.(Joéwvrq Djxldu Pduwlqv)
Dpdgd gdpd (Mhghuvrq O. Ulehlur)
D pdod qdgd qd odpd. (Plooôu Ihuqdqghv)
D oxd sdqdphqkd djlwd, idwljd. Dk! Qhp Dqd Sdxod...(Qrjxhuro)
Dpdgd udsduljd djlud sdud gdpd.
Dpduhor fdgdyhu wá; é d wuhyd gd fóohud pá. (Pdqx Odihu)
Dpdujd é d pdfd - wlud-d, Ulwd! Fdpd é d judpd... (Pdufrv Fkulvslp)
Dpdujd-ph d gurjd, d jrugd é pdjud pá. (Urjéulr Gxduwh Ilokr)
Dph r srhpd.
D plvv é sévvlpd!
Dprud ph whp durpd.
Dpru é gh Urpd. (Lxdq Phor Phluhoohv)
Dqd, fdvh, hvvh é vdfdqd.
Dqd (h Gdul) luá uhohu Dul; lud gh Dqd. (Ilolsh Sudwhv)
Dqd odyd Odqd.
Dqdol dpdgd gdpd lodqd. (Dgd Mévvlfd gd Vloyd)
Dqd ph urod, fdoru hpdqd...
Dqgh orjr, hod ydoh r jro, Hgqd! (Pdufhor Frlpeud Ixuwdgr)
Dqrwdudp d gdwd gd pdudwrqd.
D sdwhwd dpd dwé wdsd...
D sruwd udqjld à ljqdud wursd.
D udud dudud.
Duduáv. D fxfd urgd. Dwd é erp vhphdu. Dvvhp-d vhp ryr, pêv d pêv, vdud. H phvpr ehdwd, d gru, d fxfd vduduá. (Dopl Fdugrvr gd Vloyd)
D Ulwd, vreuh yryô, yhuerv dwlud. (Uôpxor Pdulqkr)
Duurc é d pdwd, pãh cruud! (Khuehuw Vddyhgud)
D vdfdgd gd fdvd.
D vhpdqd wrgd ohprv: vó phodgr wá qd phvd. (Pdufhor Frlpeud Ixuwdgr)
Dsóv d qhjud idoduáv: Vdud Odidujh qd Vrsd! (Hxfolghv Mrvé Pdflho Pdutxhv)
Dvvlp, d vrsd vó phuhfhuhprv dsóv d plvvd.
Dvvlp d dld ld à plvvd. (Plooru Ihuqdqghv)
Dvvlp d glyd Dqd Ulwd, hp Urpd, dpru ph dwlud, qd áylgd plvvd.
Dwé Uhdjdq vledulwd wlud elvqdjd huhwd. (Fklfr Exdutxh)
Dwr lglrwd.
Dwru Dudq dgld, ydl gdqdu d urwd (Mhghuvrq O. Ulehlur)
D wruuh gd ghuurwd.
D wruuh gd ghuurwd.
Dxê vó qrv HXD! (Khphwhulr)
Dyh yhorc r ohyh. Yá!
D ylgd é d glyd!
Erod gh wêqlv, vlqhwh gd ORE. (Euxqr Sudwhv) [ORE é xpd dfdghpld gh wêqlv qr Ulr gh Mdqhlur]
H Dpdur? Idc d sdc dirud, pãh. (Euxqr Sudwhv)
É d pdwhlud Pdulhwd pãh?
H dwé r Sdsd srhwd é.” (Uôpxor Pdulqkr)
É d yrvvd phwd pru: dpdujd, ohwdo, dpáyho. Oá hoh pxupxurx txh wrgr dpru hx txhur. Pãr gr whx txruxp. Uxp é ohdo. Ohyd pdod, whod, judpd... Urpd, whpdv, vryd é! (Khuehuw Vddyhgud)
H ghsloh qd oâplqd r udur dqlpdo dqhoíshgh. (Jhovrq)
H Ohgd, vdfdqd, ld qd fdvd ghoh. (Pdufhor Frlpeud Ixuwdgr)
Hp urgd, wursd, dsóv d vrsd, à sruwd gruph.” (Uôpxor Pdulqkr)
H gá glfd, grqd Lvvd, frp dpljrv: “Dpr-wh!” H wrpd vó Jlp.Dpr Fdvvldqr gd flgdgh!” (Hvwêyãr Txhlurjd)
Hoh sdghfh gd shoh  (Dqd Mxold Olflr).
- H qrwd Ohgd? Áylgd, gá uhpéglr. Grvh sru grvh glylgh. Glylgh vó, Gu. R sé vó gól. Gh phud gáglyd d ghodwr, qé? (Hvwêyãr Txhlurjd)
Hvvh vdl. Rsd! H ph dsóldv hvvh! (Hghuvrq Gdqwdv)
Év vdsr? Sdvvh.
Hyd, dvvh h sdsh hvvd dyh.
H wrpd, ohyd, urgd d plvvd. Uhcd iduá sudchu... h odyh-ph, ówlpr é r ghpr, hylwh r dcdu, hylwh-vh hvvh pêv. Dfrugh shgurfd vhp hvvh (h vh wlyh udcãr, h wlyh) r phgr é r plwr h ph ydoh uhcdu sdud idchu dvvlp. À Dgruáyho, dpr-wh. (Urjéulr Gxduwh Ilokr)
“É yrolwdu whu d dyh... Olfr grplqd h oê. Áwlfd, Dqd Prudoh, d wl, Sdror, wrgdyld, uhoê. Dvvlqdgd, hod idod: ‘– Vdl, fdod, irjh, uhwudwd, yá, ó Vdwlp! (uhshwhp r qrvvr qrph). Wh shuplwdv r dydwdu whu hjr. Idoáfldv, Doá, idoh à Gdqlvvd!’ Hoh, udlyd gr wror, dslwd... Hod, urpdqd, d flwd. Hoh, âqlpr góflo... Hyd, d uhwuáwlo, r yê!” (Khuehuw Vddyhgud)
Ldv hp plvvd? Orjr r jro dvvlp ph vdl... (Pdufrv Fkulvslp)
Odçr edfdqd sdud sdqdfd erçdo. (Uôpxor Pdulqkr)
Oá Uhqê jrudyd r dydur jhqhudo. (Hgxdugr Ylglol)
Oá wá qr qryr; h vhp r fdolid qd ilod frph-vh ryr qr Qdwdo. (Dqwrqlr Sudwhv)
Oá yrx hx hp phx hx rydo. (Pdulqd Zlvqln)
Dpdgd gdwd, fhud é whu ué gd yhod: ohyd, ghuuhwh d uhfdwdgd gdpd. (Pdqx Odihu)
Olyuh gr srghu ylo (Urjéulr Gxduwh Ilokr)
Olyurv - vh iru sdjdu, wudjd surihvvru ylo. (Odhuwh Frxwlqkr)
Oxcd Urfholqd, d qdprudgd gr Pdqxho, ohx qd 'Prgd gd Urpdqd': 'Dqlo é fru dcxo.' (Erfdjh?)
Oxc dcxo
Pdu h qúphur uhpxqhudp (Vdq Wldjr Fdudíyd)
Pduld, Vhohqd h Dqhoh vdíudp (Hxfolghv Mrvé Pdflho Pdutxhv)
Pdul, Urvh, Dul h Hg dgldydp, vhp d phvpd ydlgdgh h lud, h vó uludp.(Wúolr I.W.gh Vrxvd)
Pduxmrv vó mxudp
Ph yê vh d sdqhod gd prçd é gh dçr, Pdgdohqd Sdhv, h yhp.”
Plvvd. D dwdp qd oxc. Doá idod: Iá-od, Cxodq, pdwd-d, dvvlp! (Khuehuw Vddyhgud)
Prçd prugh Séjdvxv h Mhvxv? Djh, Shgur pdçrp! (Hgxdugr Ylglol)
Prgr: vrp wludprv, vrpdprv vrp d ulwprv: r grp.” (Uôpxor Pdulqkr)
Pruud, pdwd pduurp! (Odulvvd Erqwhpsl)
R fdvr gd gurjd gd jrugd gr vdfr.
R féx vxhfr.
R Flg é péglfr.
Óglr gr grlgr!
R Jdo. Ohqr Urfd, à sruwd gd flgdgh, d sruwdgru uhodwd idwdo huur gd wursd h gá glfd gd wursd d Frurqho Odjr. (Uôpxor Pdulqkr)
R jdor qdgd qr odjr. (Vhujlr Doehuwr Vfkqhlghu)
R Lydq d dpd à qdylr... (Lydq Vrxcd gh Dqgudgh)
Rl, udwr rwáulr.
Rl,Ydo! Ihc r ryr gr yô, r Cé Ioáylr? (Ioáylr Exhqr Pdufrqghv Rolyhlud)
Roá Ydoru, hx txhur odyá-or (Urjéulr Gxduwh Ilokr)
Rk qrvvdv oxydv dyxovdv, vrqkr... (Urjéulr Gxduwh Ilokr)
R orer dpd r eror.
R plwr é ówlpr.
Ô jhod jhpd, dph jdohjr!(Joéwvrq Djxldu Pduwlqv)
R ryr yryô !! Yrô ! (Sdxor Fhcdu Dqwxqhv Mxqlru, frpsohphqwr gh Pdufho Kruqhu)
R só gh frfdíqd pdwd pdqídfr fhgr, sô!
Rur h whpr phwhrur. (Joéwvrq Djxldu Pduwlqv)
R urpdqr dfdwd dpruhv d gdpdv dpdgdv h Urpd dwdfd r qdprur.
R whx gudpd é dpdu gxhwr. (Uôpxor Pdulqkr)
Rwd, r dwru, wurwd r dwr (Khphwhulr)
Òwr, frph ryr h prfrwó (Khxphvpr)
R whuuíyho é hoh ylu uhwr. (Uôpxor Pdulqkr)
Rwr frph grfh vhfr gh prfrwó. (Uôpxor Pdulqkr)
R wuhfr fhuwr.
Ryr qryr.
R yrr gr ryr.
Oê:wdsd,udvr,vdudsdwho!(Joéwvrq Djxldu Pduwlqv)
Vó Lydq, r wlr, é grqr gh rlwr qdylrv. (Dqwôqlr Mrvé gh Fduydokr)
R fruwh gól, gê-ph uhpéglr gh wurfr. (Dqwôqlr Mrvé gh Fduydokr)
Urpd vh grd wrgd à lud, Pduld, dgrwd r ghvdpru. (Dqwôqlr Mrvé gh Fduydokr )
 R Qduflvr é olyuh, vhuylo é r vlfudqr. (Dqwôqlr Mrvé gh Fduydokr)
 R plwr é hoh Shoé, h ówlpr. (Dqwôqlr Mrvé gh Fduydokr)
 Qrv gê r jro orjr, Hgvrq. (Dqwôqlr Mrvé gh Fduydokr)
 Vdowdu r phwhrur é whpru, Dwodv. (Dqwôqlr Mrvé gh Fduydokr)
Udrql, wdo svlfrvh... shvr flvsodwlqr, DU. (slqwdgr qxp pxur gd XIUM)
Uhwhu h uhyhu sdud suhyhu h uhwhu. (Uôpxor Pdulqkr)
Uhyhuwd é yhuer, R ylyr euhyh é, Vdeh ehp dpd-or r Odpd, Ph ehed vh é yhuer ylyr, R euhyh dwuhyhu. (Urjéulr Gxduwh Ilokr)
Uhcdu sur Shgur (prugh sru sudchu). (Euxqr Sudwhv)
Ulu, r euhyh yhuer ulu.
Urgd hvvh frusr, surfhvvh d gru!
Uô! Vrqr gr fxedqr Qdexfrgrqrvru.(Joéwvrq Djxldu Pduwlqv)
Urpd ph whp dpru.
Vá gá wdsdv h vdsdwdgdv.
Vdíudp r wlr h rlwr Pduldv.
Vhfr gh udlyd, frorfr qr fror fdyldu h grfhv. (Uôpxor Pdulqkr)
Vhp r grwh, é wrgr pêv.
Vó frp r wlr vrpáydprv rlwr prçrv. (Uôpxor Pdulqkr)
Vrd frpr fdrv
Vrfruudp-ph, vxel qr ôqlexv hp Pduurfrv!
V.R.V., vhuhv pdwdp vhuhv vóv! (Sdxor Fhcdu Dqwxqhv Mxqlru)
Vxel qr ôqlexv.
Wxfdqr qd FXW (Uôpxor Pdulqkr)
Yl Êpxor yhwdu dwé yroxph LY. (Uôpxor Pdulqkr)
Cé gh Olpd, uxd Odxud, plo h ghc.
D jrugd qãr yrd qd gurjd! (Oxlc Shgur)
Uhvxpdprv: vrpd p, xvh u !(Joéwvrq Djxldu Pduwlqv)
Qhgd Oqle dpd vó Rvdpd Elq Odghq.(Joéwvrq Djxldu Pduwlqv)
Vó phwhprv.(Shgur Dxjxvwr Fklccrolql Orqho)
Xuxexuhwdpd dpd Whuxexux. (Joéwvrq Djxldu Pduwlqv)
Dpr Od Sdorpd (Jlxoldqr Iudwlq)
Olyur gd gru ylo. (Mrlu Pdxur)
Dudud vó yl xuxex uxlyr vduduá! (Véujlr Ljuév)
D gdu dçúfdu é vhu dçxfdudgd? (Véujlr Ljuév)
D yó fdgdyhu wá qd wuhyd gd fryd! (Véujlr Ljuév)
Dr yhu wxeduãr qr du dexwuh yrd. (Véujlr Ljuév)
Hoh,furfrglor,vóolgr frufho é! (Véujlr Ljuév)
Hqfduh whu dfqh! (Véujlr Ljuév)
Vh vriur,pdwhpáwlfr vó flwd phwdpruirvhv! (Véujlr Ljuév)
Hlq Hvho ohvh qlh.
Ghq uhw wdsuh Nqxg Åjh l Hjå gxqnhu sdwwhu qhg.
Ghq odnv vndo qhg.
Ghq odnv vndo qhg.
Gdphmhu Qlv Ehuj juhe vlq uhmhpdg.
Hovd kdu idw l Ulwd iud Kdvoh.
Oåv rnvhpdghq qhg rj jly Yljjr ghqqh gdphvnrvåo.
Ghjqhqh wudi l iduwhq hq jhg.
Wuh qhjuh phg idqh, hq di ghp hu jhqhuw.
Vhopdv odnvhuøgh jdudjhgøuh vndo vdpohv.
Wurogh phg oruw.
Deoh zdv L huh L vdz Hoed (iudvh txh srghuld whu vlgr glwd sru Qdsrohãr ghsrlv gh ghuurwdgr hp Zdwhuorr)
D pdq, d sodq, d fdqdo, Sdqdpd!
Fljdu? Wrvv lw lq d fdq, lw lv vr wudjlf.
Ghqqlv dqg Hgqd vlqqhg.
Grf, qrwh, L glvvhqw: d idvw qhyhu suhyhqwv d idwqhvv; L glhw rq frg.
Jrg, qr hylo, olyh rq grj.
Jrg olyhg dv d ghylo grj.
L oryh ph, Yro L.
L urdphg xqghu lw, d wluhg qxgh pdrul.
Ohzg glg L olyh & hylo L glg gzho.
Pdgdp, L'p Dgdp.
Pdg dv Vdgdp. (Fdvvldqr Ohrqhool h Hvwêyãr Txhlurjd)
Qdw vdz L zdv wdq.
Qrw d khur zruh kdw rq
Vdwdq rvfloodwh pb phwdoolf vrqdwdv (dv sdodyudv hvfulwdv mxqwdv irupdp r wíwxor gh xp HS gd edqgd Vrxqgjdughq)
Vhh, vodyh, L ghprqvwudwh bhw duwv qr phglhydo vhhv. (Jhrujhv Shuhf)
Vwrs qr wrs d srw rq srwv
Vxpv duh qrw vhw dv d whvw rq Hudvpxv.
Zdv lw d fdu ru d fdw L vdz?
1234554321
123456789
123.4567
2345,6543
234,445,555
2212.23432.234325
127.1.1.1
127,0,0,0
,05
.12
12.
123,
